<?xml version="1.0" encoding="UTF-8"?>
<testng-results skipped="0" failed="0" ignored="0" total="1" passed="1">
  <reporter-output>
  </reporter-output>
  <suite name="Suite" duration-ms="6129" started-at="2019-03-27T09:42:03Z" finished-at="2019-03-27T09:42:09Z">
    <groups>
    </groups>
    <test name="Test" duration-ms="6129" started-at="2019-03-27T09:42:03Z" finished-at="2019-03-27T09:42:09Z">
      <class name="practice.Test1">
        <test-method status="PASS" signature="test112()[pri:0, instance:practice.Test1@224edc67]" name="test112" duration-ms="6115" started-at="2019-03-27T15:12:03Z" finished-at="2019-03-27T15:12:09Z">
          <reporter-output>
          </reporter-output>
        </test-method> <!-- test112 -->
      </class> <!-- practice.Test1 -->
    </test> <!-- Test -->
  </suite> <!-- Suite -->
</testng-results>
